Gtk-Message: Failed to load module "canberra-gtk-module"
WARN: Can't load Scala: since build 172.1657 does not match IC-162.2228.15
[  85980]  ERROR - ij.components.ComponentManager - loader constraint violation: when resolving method "com.intellij.openapi.diagnostic.Logger.setLevel(Lorg/apache/log4j/Level;)V" the class loader (instance of com/intellij/ide/plugins/cl/PluginClassLoader) of the current class, org/jetbrains/plugins/scala/statistics/CacheStatistics$, and the class loader (instance of com/intellij/util/lang/UrlClassLoader) for the method's defining class, com/intellij/openapi/diagnostic/Logger, have different Class objects for the type org/apache/log4j/Level used in the signature 
java.lang.LinkageError: loader constraint violation: when resolving method "com.intellij.openapi.diagnostic.Logger.setLevel(Lorg/apache/log4j/Level;)V" the class loader (instance of com/intellij/ide/plugins/cl/PluginClassLoader) of the current class, org/jetbrains/plugins/scala/statistics/CacheStatistics$, and the class loader (instance of com/intellij/util/lang/UrlClassLoader) for the method's defining class, com/intellij/openapi/diagnostic/Logger, have different Class objects for the type org/apache/log4j/Level used in the signature
	at org.jetbrains.plugins.scala.statistics.CacheStatistics$.printStats(CacheStatistics.scala:116)
	at org.jetbrains.plugins.scala.components.TypeAwareHighlightingApplicationState.disposeComponent(TypeAwareHighlightingApplicationState.scala:37)
	at com.intellij.openapi.components.impl.ComponentManagerImpl.disposeComponents(ComponentManagerImpl.java:150)
	at com.intellij.openapi.application.impl.ApplicationImpl.dispose(ApplicationImpl.java:471)
	at com.intellij.openapi.util.Disposer$1.execute(Disposer.java:48)
	at com.intellij.openapi.util.Disposer$1.execute(Disposer.java:44)
	at com.intellij.openapi.util.objectTree.ObjectNode$1.execute(ObjectNode.java:132)
	at com.intellij.openapi.util.objectTree.ObjectNode$1.execute(ObjectNode.java:106)
	at com.intellij.openapi.util.objectTree.ObjectTree.executeActionWithRecursiveGuard(ObjectTree.java:150)
	at com.intellij.openapi.util.objectTree.ObjectNode.execute(ObjectNode.java:106)
	at com.intellij.openapi.util.objectTree.ObjectTree.executeAll(ObjectTree.java:136)
	at com.intellij.openapi.util.Disposer.dispose(Disposer.java:119)
	at com.intellij.openapi.util.Disposer.dispose(Disposer.java:115)
	at com.intellij.openapi.application.impl.ApplicationImpl.lambda$disposeSelf$6(ApplicationImpl.java:240)
	at com.intellij.openapi.application.impl.ApplicationImpl.runWriteAction(ApplicationImpl.java:898)
	at com.intellij.openapi.application.impl.ApplicationImpl.disposeSelf(ApplicationImpl.java:240)
	at com.intellij.openapi.application.impl.ApplicationImpl.doExit(ApplicationImpl.java:757)
	at com.intellij.openapi.application.impl.ApplicationImpl.lambda$exit$13(ApplicationImpl.java:734)
	at com.intellij.openapi.application.impl.ApplicationImpl.exit(ApplicationImpl.java:739)
	at com.intellij.openapi.application.impl.ApplicationImpl.exit(ApplicationImpl.java:691)
	at com.intellij.openapi.application.impl.ApplicationImpl.exit(ApplicationImpl.java:686)
	at com.intellij.openapi.wm.impl.IdeFrameImpl$4.windowClosing(IdeFrameImpl.java:269)
	at java.awt.AWTEventMulticaster.windowClosing(AWTEventMulticaster.java:349)
	at java.awt.AWTEventMulticaster.windowClosing(AWTEventMulticaster.java:349)
	at java.awt.AWTEventMulticaster.windowClosing(AWTEventMulticaster.java:349)
	at java.awt.Window.processWindowEvent(Window.java:2054)
	at javax.swing.JFrame.processWindowEvent(JFrame.java:305)
	at java.awt.Window.processEvent(Window.java:2013)
	at java.awt.Component.dispatchEventImpl(Component.java:4889)
	at java.awt.Container.dispatchEventImpl(Container.java:2294)
	at java.awt.Window.dispatchEventImpl(Window.java:2746)
	at java.awt.Component.dispatchEvent(Component.java:4711)
	at java.awt.EventQueue.dispatchEventImpl(EventQueue.java:758)
	at java.awt.EventQueue.access$500(EventQueue.java:97)
	at java.awt.EventQueue$3.run(EventQueue.java:709)
	at java.awt.EventQueue$3.run(EventQueue.java:703)
	at java.security.AccessController.doPrivileged(Native Method)
	at java.security.ProtectionDomain$JavaSecurityAccessImpl.doIntersectionPrivilege(ProtectionDomain.java:80)
	at java.security.ProtectionDomain$JavaSecurityAccessImpl.doIntersectionPrivilege(ProtectionDomain.java:90)
	at java.awt.EventQueue$4.run(EventQueue.java:731)
	at java.awt.EventQueue$4.run(EventQueue.java:729)
	at java.security.AccessController.doPrivileged(Native Method)
	at java.security.ProtectionDomain$JavaSecurityAccessImpl.doIntersectionPrivilege(ProtectionDomain.java:80)
	at java.awt.EventQueue.dispatchEvent(EventQueue.java:728)
	at com.intellij.ide.IdeEventQueue.defaultDispatchEvent(IdeEventQueue.java:795)
	at com.intellij.ide.IdeEventQueue._dispatchEvent(IdeEventQueue.java:631)
	at com.intellij.ide.IdeEventQueue.dispatchEvent(IdeEventQueue.java:387)
	at java.awt.EventDispatchThread.pumpOneEventForFilters(EventDispatchThread.java:201)
	at java.awt.EventDispatchThread.pumpEventsForFilter(EventDispatchThread.java:116)
	at java.awt.EventDispatchThread.pumpEventsForHierarchy(EventDispatchThread.java:105)
	at java.awt.EventDispatchThread.pumpEvents(EventDispatchThread.java:101)
	at java.awt.EventDispatchThread.pumpEvents(EventDispatchThread.java:93)
	at java.awt.EventDispatchThread.run(EventDispatchThread.java:82)
[  85989]  ERROR - ij.components.ComponentManager - IntelliJ IDEA 2016.2.5  Build #IC-162.2228.15 
[  85990]  ERROR - ij.components.ComponentManager - JDK: 1.8.0_112-release 
[  85990]  ERROR - ij.components.ComponentManager - VM: OpenJDK 64-Bit Server VM 
[  85990]  ERROR - ij.components.ComponentManager - Vendor: JetBrains s.r.o 
[  85990]  ERROR - ij.components.ComponentManager - OS: Linux 
